[2024-04-27 23:34:26.442] [pxr_streamer] [info] ***********  Log Begin **********
[2024-04-27 23:34:26.442] [pxr_streamer] [info] process id= 7988
[2024-04-27 23:34:26.442] [pxr_streamer] [info] [7988|40844]driver_impl.cpp:22 DriverImpl: Driver created, this= 0x192fb9d7f30
[2024-04-27 23:34:26.442] [pxr_streamer] [debug] [7988|40844]streaming_driver_interface_impl.cpp:20 StreamingDriverInterfaceImpl: callback= 0x193461fde20, this= 0x191f968f600
[2024-04-27 23:34:26.442] [pxr_streamer] [debug] [7988|40844]streaming_driver_interface_impl.cpp:117 SetTrackingOrigin: tracking origin= Undefined, this= 0x191f968f600
[2024-04-27 23:34:26.442] [pxr_streamer] [error] [7988|40844]streaming_driver_interface_impl.cpp:119 SetTrackingOrigin: "not connected", connect_state_ != DriverConnectState::kRpcConnected, this= 0x191f968f600
[2024-04-27 23:34:26.442] [pxr_streamer] [info] [7988|40844]streaming_driver_interface_impl.cpp:39 ConnectToService: connect to service, this= 0x191f968f600
[2024-04-27 23:34:26.442] [pxr_streamer] [debug] [7988|41612]streaming_driver_interface_impl.cpp:343 InvokeConnectToService: connect to service, this= 0x191f968f600
[2024-04-27 23:34:26.443] [pxr_streamer] [debug] [7988|41612]transport_client_tcp2.cpp:33 Start: buffer size(send\recv): 1048576\1048576, this= 0x1935fcd6e30
[2024-04-27 23:34:26.443] [pxr_streamer] [info] [7988|41612]transport_client_tcp2.cpp:58 Start: server= 127.0.0.1:29000, local=0.0.0.0:0, this= 0x1935fcd6e30
[2024-04-27 23:34:26.443] [pxr_streamer] [info] [7988|14188]streaming_driver_interface_impl.cpp:141 NotifyConnectResult: connect to service, result= 0, this= 0x191f968f600
[2024-04-27 23:34:26.443] [pxr_streamer] [debug] [7988|14188]transport_client_tcp2.cpp:161 HandleConnect: local= 127.0.0.1:65338, this= 0x1935fcd6e30
[2024-04-27 23:34:26.443] [pxr_streamer] [debug] [7988|41612]streaming_driver_interface_impl.cpp:444 HandleTransportConnect: connect success, this= 0x191f968f600
[2024-04-27 23:34:26.444] [pxr_streamer] [info] [7988|41612]driver_impl.cpp:59 Connect: send connect request : { id = MGbS6EDP, timestamp = 727882752, from = Driver, to = SRS, connection info : {id: "AYdYALLZ7zRqwHwZ\000" name: "Streaming Driver SDK\000" module_version: "1.1.1.1\000" protocol_version: "1.0.0.0\000"} }, this= 0x192fb9d7f30
[2024-04-27 23:34:26.444] [pxr_streamer] [info] [7988|41612]streaming_driver_interface_impl.cpp:332 StartRpcConnect: driver id= AYdYALLZ7zRqwHwZ, this= 0x191f968f600
[2024-04-27 23:34:26.446] [pxr_streamer] [info] [7988|41612]driver_impl.cpp:650 ProcessResponseMessage: received connect response : { id = OkzT8OZ3, timestamp = 727882754, from = SRS, to = Driver, req_id = MGbS6EDP, result_code = 1 }, this= 0x192fb9d7f30
[2024-04-27 23:34:26.446] [pxr_streamer] [debug] [7988|41612]streaming_driver_interface_impl.cpp:174 NotifyDriverConnectResult: result= 0, this= 0x191f968f600
[2024-04-27 23:34:26.446] [pxr_streamer] [info] [7988|41612]driver_impl.cpp:447 ProcessNotifyMessage: received connect notify : { id = VNuclsX2, timestamp = 727882754, from = SRS, to = Driver, connection info: { id = PA7N10MGG1171696W, name = Pico Neo 3, module_version = b4229, protocol_version = 1.1.0.0 } }, this= 0x192fb9d7f30
[2024-04-27 23:34:26.446] [pxr_streamer] [debug] [7988|41612]streaming_driver_interface_impl.cpp:216 NotifyDeviceConnected: device info= id= PA7N10MGG1171696W, name= Pico Neo 3, module version= b4229, protocol version= 1.1.0.0, fov= 2,{0,0,0,0}, this= 0x191f968f600
[2024-04-27 23:34:26.446] [pxr_streamer] [info] [7988|41612]streaming_driver_interface_impl.cpp:62 StartStreaming: (1920,1920), fps= 72, this= 0x191f968f600
[2024-04-27 23:34:26.446] [pxr_streamer] [info] [7988|41612]driver_impl.cpp:207 StartStreaming: send start streaming request : { id = zu3kmTuW, timestamp = 727882754, from = Driver, to = SRS, media config : {render_width: 1920 render_height: 1920 fps: 72}, this= 0x192fb9d7f30
[2024-04-27 23:34:26.447] [pxr_streamer] [info] [7988|41612]driver_impl.cpp:507 ProcessNotifyMessage: send update driver state request : , id = 5fmXmIIt, timestamp = 727882755, from = SRS, to = Driver, streaming state : {streaming_state: kStreamingLaunching}, media config : {}, this= 0x192fb9d7f30
[2024-04-27 23:34:26.447] [pxr_streamer] [debug] [7988|41612]streaming_driver_interface_impl.cpp:252 NotifyStreamingStateUpdated: state= 1, config= (0,0), fps= 0, this= 0x191f968f600
[2024-04-27 23:34:41.979] [pxr_streamer] [info] [7988|41612]driver_impl.cpp:507 ProcessNotifyMessage: send update driver state request : , id = P8oeUL1x, timestamp = 727898287, from = SRS, to = Driver, streaming state : {streaming_state: kStreamingReady}, media config : {render_width: 1920 render_height: 1920 fps: 72}, this= 0x192fb9d7f30
[2024-04-27 23:34:41.979] [pxr_streamer] [debug] [7988|41612]streaming_driver_interface_impl.cpp:252 NotifyStreamingStateUpdated: state= 2, config= (1920,1920), fps= 72, this= 0x191f968f600
[2024-04-27 23:34:41.980] [pxr_streamer] [warning] [7988|14188]transport_data_receiver.cpp:89 ProcessReceivedData: recv multi-packet,count = 2, this= 0x1935fcd6fd0
[2024-04-27 23:34:41.980] [pxr_streamer] [warning] [7988|14188]transport_data_receiver.cpp:89 ProcessReceivedData: recv multi-packet,count = 2, this= 0x1935fcd6fd0
[2024-04-27 23:34:41.980] [pxr_streamer] [warning] [7988|14188]transport_data_receiver.cpp:89 ProcessReceivedData: recv multi-packet,count = 2, this= 0x1935fcd6fd0
[2024-04-27 23:34:41.980] [pxr_streamer] [warning] [7988|14188]transport_data_receiver.cpp:89 ProcessReceivedData: recv multi-packet,count = 2, this= 0x1935fcd6fd0
[2024-04-27 23:34:42.045] [pxr_streamer] [debug] [7988|40844]streaming_driver_interface_impl.cpp:102 VibrateController: index= 0a\d\f= (0.25,0,0), this= 0x191f968f600
[2024-04-27 23:34:42.045] [pxr_streamer] [debug] [7988|40844]streaming_driver_interface_impl.cpp:102 VibrateController: index= 1a\d\f= (0.25,0,0), this= 0x191f968f600
[2024-04-27 23:34:42.789] [pxr_streamer] [info] [7988|41612]driver_impl.cpp:507 ProcessNotifyMessage: send update driver state request : , id = MsjVFvgd, timestamp = 727899098, from = SRS, to = Driver, streaming state : {streaming_state: kStreamingFinished}, media config : {}, this= 0x192fb9d7f30
[2024-04-27 23:34:42.790] [pxr_streamer] [debug] [7988|41612]streaming_driver_interface_impl.cpp:252 NotifyStreamingStateUpdated: state= 3, config= (0,0), fps= 0, this= 0x191f968f600
[2024-04-27 23:34:42.790] [pxr_streamer] [info] [7988|41612]driver_impl.cpp:474 ProcessNotifyMessage: received disconnect notify : { id = YNimiPsR, timestamp = 727899098, from = SRS, to = Driver, connection info: { id = PA7N10MGG1171696W, name = Pico Neo 3, module_version = b4229, protocol_version = 1.1.0.0 } }, this= 0x192fb9d7f30
[2024-04-27 23:34:42.790] [pxr_streamer] [info] [7988|41612]streaming_driver_interface_impl.cpp:239 NotifyDeviceDisconnected: device disconnected, result= id= PA7N10MGG1171696W, name= Pico Neo 3, module version= b4229, protocol version= 1.1.0.0, fov= 2,{0,0,0,0}, this= 0x191f968f600
[2024-04-27 23:34:56.582] [pxr_streamer] [info] [7988|41612]driver_impl.cpp:474 ProcessNotifyMessage: received disconnect notify : { id = ZqDOkc59, timestamp = 727912890, from = SRS, to = Driver, connection info: { id = , name = , module_version = , protocol_version =  } }, this= 0x192fb9d7f30
[2024-04-27 23:34:56.582] [pxr_streamer] [error] [7988|41612]streaming_driver_interface_impl.cpp:237 NotifyDeviceDisconnected: "device not connected", !device_connected_, this= 0x191f968f600
[2024-04-27 23:34:56.582] [pxr_streamer] [info] [7988|41612]driver_impl.cpp:447 ProcessNotifyMessage: received connect notify : { id = 5mpeYFZN, timestamp = 727912890, from = SRS, to = Driver, connection info: { id = PA7N10MGG1171696W, name = Pico Neo 3, module_version = b4229, protocol_version = 1.1.0.0 } }, this= 0x192fb9d7f30
[2024-04-27 23:34:56.582] [pxr_streamer] [debug] [7988|41612]streaming_driver_interface_impl.cpp:216 NotifyDeviceConnected: device info= id= PA7N10MGG1171696W, name= Pico Neo 3, module version= b4229, protocol version= 1.1.0.0, fov= 2,{0,0,0,0}, this= 0x191f968f600
[2024-04-27 23:34:56.582] [pxr_streamer] [info] [7988|41612]streaming_driver_interface_impl.cpp:62 StartStreaming: (1920,1920), fps= 72, this= 0x191f968f600
[2024-04-27 23:34:56.582] [pxr_streamer] [info] [7988|41612]driver_impl.cpp:207 StartStreaming: send start streaming request : { id = dKyNbATE, timestamp = 727912890, from = Driver, to = SRS, media config : {render_width: 1920 render_height: 1920 fps: 72}, this= 0x192fb9d7f30
[2024-04-27 23:34:56.582] [pxr_streamer] [info] [7988|41612]driver_impl.cpp:507 ProcessNotifyMessage: send update driver state request : , id = qTU2KKhX, timestamp = 727912890, from = SRS, to = Driver, streaming state : {streaming_state: kStreamingLaunching}, media config : {}, this= 0x192fb9d7f30
[2024-04-27 23:34:56.582] [pxr_streamer] [debug] [7988|41612]streaming_driver_interface_impl.cpp:252 NotifyStreamingStateUpdated: state= 1, config= (0,0), fps= 0, this= 0x191f968f600
[2024-04-27 23:34:57.016] [pxr_streamer] [info] [7988|40844]streaming_driver_interface_impl.cpp:78 StopStreaming: stop streaming, this= 0x191f968f600
[2024-04-27 23:34:57.016] [pxr_streamer] [info] [7988|41612]driver_impl.cpp:230 StopStreaming: send stop streaming request : { id = RClO4s9s, timestamp = 727913324, from = Driver, to = SRS }, this= 0x192fb9d7f30
[2024-04-27 23:34:57.016] [pxr_streamer] [info] [7988|40844]streaming_driver_interface_impl.cpp:53 DisconnectFromService: disconnect from service, this= 0x191f968f600
[2024-04-27 23:34:57.016] [pxr_streamer] [debug] [7988|41612]streaming_driver_interface_impl.cpp:374 InvokeDisconnectFromService: disconnect from service, this= 0x191f968f600
[2024-04-27 23:34:57.016] [pxr_streamer] [info] [7988|41612]driver_impl.cpp:81 Disconnect: send disconnect request : { id = fuguSNct, timestamp = 727913325, from = Driver, to = SRS }, this= 0x192fb9d7f30
[2024-04-27 23:34:57.016] [pxr_streamer] [debug] [7988|41612]transport_client_tcp2.cpp:73 Stop: called, this= 0x1935fcd6e30
[2024-04-27 23:34:57.016] [pxr_streamer] [error] [7988|14188]transport_client_tcp2.cpp:116 operator (): recv error= 1236, msg= 由本地系统中止网络连接。, this= 0x1935fcd6e30
[2024-04-27 23:34:57.016] [pxr_streamer] [error] [7988|14188]transport_client_tcp2.cpp:129 HandleReceiveData: has been disconnected, this= 0x1935fcd6e30
[2024-04-27 23:34:57.016] [pxr_streamer] [error] [7988|14188]transport_client_tcp2.cpp:105 StartAyncRecv: has been disconnected, this= 0x1935fcd6e30
[2024-04-27 23:35:05.591] [pxr_streamer] [info] [7988|40844]driver_impl.cpp:22 DriverImpl: Driver created, this= 0x191f3217060
[2024-04-27 23:35:05.591] [pxr_streamer] [debug] [7988|40844]streaming_driver_interface_impl.cpp:20 StreamingDriverInterfaceImpl: callback= 0x192e35cde80, this= 0x191f968e340
[2024-04-27 23:35:05.591] [pxr_streamer] [debug] [7988|40844]streaming_driver_interface_impl.cpp:27 ~StreamingDriverInterfaceImpl: called, this= 0x191f968f600
[2024-04-27 23:35:05.591] [pxr_streamer] [info] [7988|40844]driver_impl.cpp:27 ~DriverImpl: Driver destroyed, this= 0x192fb9d7f30
[2024-04-27 23:35:05.591] [pxr_streamer] [debug] [7988|40844]transport_client_tcp2.cpp:73 Stop: called, this= 0x1935fcd6e30
[2024-04-27 23:35:05.593] [pxr_streamer] [debug] [7988|40844]streaming_driver_interface_impl.cpp:117 SetTrackingOrigin: tracking origin= StageLevel, this= 0x191f968e340
[2024-04-27 23:35:05.593] [pxr_streamer] [error] [7988|40844]streaming_driver_interface_impl.cpp:119 SetTrackingOrigin: "not connected", connect_state_ != DriverConnectState::kRpcConnected, this= 0x191f968e340
[2024-04-27 23:35:05.593] [pxr_streamer] [info] [7988|40844]streaming_driver_interface_impl.cpp:39 ConnectToService: connect to service, this= 0x191f968e340
[2024-04-27 23:35:05.593] [pxr_streamer] [debug] [7988|18776]streaming_driver_interface_impl.cpp:343 InvokeConnectToService: connect to service, this= 0x191f968e340
[2024-04-27 23:35:05.594] [pxr_streamer] [debug] [7988|18776]transport_client_tcp2.cpp:33 Start: buffer size(send\recv): 1048576\1048576, this= 0x192fd67ec20
[2024-04-27 23:35:05.594] [pxr_streamer] [info] [7988|18776]transport_client_tcp2.cpp:58 Start: server= 127.0.0.1:29000, local=0.0.0.0:0, this= 0x192fd67ec20
[2024-04-27 23:35:05.594] [pxr_streamer] [info] [7988|43100]streaming_driver_interface_impl.cpp:141 NotifyConnectResult: connect to service, result= 0, this= 0x191f968e340
[2024-04-27 23:35:05.594] [pxr_streamer] [debug] [7988|18776]streaming_driver_interface_impl.cpp:444 HandleTransportConnect: connect success, this= 0x191f968e340
[2024-04-27 23:35:05.594] [pxr_streamer] [debug] [7988|43100]transport_client_tcp2.cpp:161 HandleConnect: local= 127.0.0.1:58769, this= 0x192fd67ec20
[2024-04-27 23:35:05.594] [pxr_streamer] [info] [7988|18776]driver_impl.cpp:59 Connect: send connect request : { id = 8i4Ajtzx, timestamp = 727921902, from = Driver, to = SRS, connection info : {id: "kJSQ9N7efPUhKAL1\000" name: "Streaming Driver SDK\000" module_version: "1.1.1.1\000" protocol_version: "1.0.0.0\000"} }, this= 0x191f3217060
[2024-04-27 23:35:05.594] [pxr_streamer] [info] [7988|18776]streaming_driver_interface_impl.cpp:332 StartRpcConnect: driver id= kJSQ9N7efPUhKAL1, this= 0x191f968e340
[2024-04-27 23:35:05.596] [pxr_streamer] [warning] [7988|43100]transport_data_receiver.cpp:89 ProcessReceivedData: recv multi-packet,count = 2, this= 0x192fd67edc0
[2024-04-27 23:35:05.596] [pxr_streamer] [info] [7988|18776]driver_impl.cpp:650 ProcessResponseMessage: received connect response : { id = 2XFX2gbP, timestamp = 727921902, from = SRS, to = Driver, req_id = 8i4Ajtzx, result_code = 1 }, this= 0x191f3217060
[2024-04-27 23:35:05.596] [pxr_streamer] [debug] [7988|18776]streaming_driver_interface_impl.cpp:174 NotifyDriverConnectResult: result= 0, this= 0x191f968e340
[2024-04-27 23:35:05.596] [pxr_streamer] [info] [7988|18776]driver_impl.cpp:447 ProcessNotifyMessage: received connect notify : { id = duugGSNe, timestamp = 727921903, from = SRS, to = Driver, connection info: { id = PA7N10MGG1171696W, name = Pico Neo 3, module_version = b4229, protocol_version = 1.1.0.0 } }, this= 0x191f3217060
[2024-04-27 23:35:05.596] [pxr_streamer] [debug] [7988|18776]streaming_driver_interface_impl.cpp:216 NotifyDeviceConnected: device info= id= PA7N10MGG1171696W, name= Pico Neo 3, module version= b4229, protocol version= 1.1.0.0, fov= 2,{0,0,0,0}, this= 0x191f968e340
[2024-04-27 23:35:05.596] [pxr_streamer] [info] [7988|18776]streaming_driver_interface_impl.cpp:62 StartStreaming: (1920,1920), fps= 72, this= 0x191f968e340
[2024-04-27 23:35:05.596] [pxr_streamer] [info] [7988|18776]driver_impl.cpp:207 StartStreaming: send start streaming request : { id = rzI29tvY, timestamp = 727921904, from = Driver, to = SRS, media config : {render_width: 1920 render_height: 1920 fps: 72}, this= 0x191f3217060
[2024-04-27 23:35:05.596] [pxr_streamer] [info] [7988|18776]driver_impl.cpp:507 ProcessNotifyMessage: send update driver state request : , id = p3hICDCW, timestamp = 727921905, from = SRS, to = Driver, streaming state : {streaming_state: kStreamingLaunching}, media config : {}, this= 0x191f3217060
[2024-04-27 23:35:05.596] [pxr_streamer] [debug] [7988|18776]streaming_driver_interface_impl.cpp:252 NotifyStreamingStateUpdated: state= 1, config= (0,0), fps= 0, this= 0x191f968e340
[2024-04-27 23:35:08.193] [pxr_streamer] [info] [7988|18776]driver_impl.cpp:507 ProcessNotifyMessage: send update driver state request : , id = fwIuzpHM, timestamp = 727924501, from = SRS, to = Driver, streaming state : {streaming_state: kStreamingReady}, media config : {render_width: 1920 render_height: 1920 fps: 72}, this= 0x191f3217060
[2024-04-27 23:35:08.193] [pxr_streamer] [debug] [7988|18776]streaming_driver_interface_impl.cpp:252 NotifyStreamingStateUpdated: state= 2, config= (1920,1920), fps= 72, this= 0x191f968e340
[2024-04-27 23:35:08.193] [pxr_streamer] [warning] [7988|43100]transport_data_receiver.cpp:89 ProcessReceivedData: recv multi-packet,count = 2, this= 0x192fd67edc0
[2024-04-27 23:35:08.194] [pxr_streamer] [warning] [7988|43100]transport_data_receiver.cpp:89 ProcessReceivedData: recv multi-packet,count = 2, this= 0x192fd67edc0
[2024-04-27 23:35:08.194] [pxr_streamer] [warning] [7988|43100]transport_data_receiver.cpp:89 ProcessReceivedData: recv multi-packet,count = 2, this= 0x192fd67edc0
[2024-04-27 23:35:08.194] [pxr_streamer] [warning] [7988|43100]transport_data_receiver.cpp:89 ProcessReceivedData: recv multi-packet,count = 2, this= 0x192fd67edc0
[2024-04-27 23:35:08.194] [pxr_streamer] [warning] [7988|43100]transport_data_receiver.cpp:89 ProcessReceivedData: recv multi-packet,count = 2, this= 0x192fd67edc0
[2024-04-27 23:35:08.228] [pxr_streamer] [debug] [7988|40844]streaming_driver_interface_impl.cpp:102 VibrateController: index= 0a\d\f= (0.25,0,0), this= 0x191f968e340
[2024-04-27 23:35:08.229] [pxr_streamer] [debug] [7988|40844]streaming_driver_interface_impl.cpp:102 VibrateController: index= 1a\d\f= (0.25,0,0), this= 0x191f968e340
[2024-04-27 23:35:12.715] [pxr_streamer] [debug] [7988|40844]streaming_driver_interface_impl.cpp:102 VibrateController: index= 1a\d\f= (0.25,0,0), this= 0x191f968e340
[2024-04-27 23:35:12.718] [pxr_streamer] [debug] [7988|40844]streaming_driver_interface_impl.cpp:102 VibrateController: index= 1a\d\f= (0.25,0,0), this= 0x191f968e340
[2024-04-27 23:35:12.721] [pxr_streamer] [debug] [7988|40844]streaming_driver_interface_impl.cpp:102 VibrateController: index= 1a\d\f= (0.25,0,0), this= 0x191f968e340
[2024-04-27 23:35:12.724] [pxr_streamer] [debug] [7988|40844]streaming_driver_interface_impl.cpp:102 VibrateController: index= 1a\d\f= (0.25,0,0), this= 0x191f968e340
[2024-04-27 23:35:29.600] [pxr_streamer] [debug] [7988|40844]streaming_driver_interface_impl.cpp:102 VibrateController: index= 0a\d\f= (0.25,0,0), this= 0x191f968e340
[2024-04-27 23:35:29.608] [pxr_streamer] [debug] [7988|40844]streaming_driver_interface_impl.cpp:102 VibrateController: index= 0a\d\f= (0.25,0,0), this= 0x191f968e340
[2024-04-27 23:35:34.471] [pxr_streamer] [debug] [7988|40844]streaming_driver_interface_impl.cpp:102 VibrateController: index= 1a\d\f= (0.25,0,0), this= 0x191f968e340
[2024-04-27 23:35:34.579] [pxr_streamer] [debug] [7988|40844]streaming_driver_interface_impl.cpp:102 VibrateController: index= 1a\d\f= (0.25,0,0), this= 0x191f968e340
[2024-04-27 23:35:34.753] [pxr_streamer] [debug] [7988|40844]streaming_driver_interface_impl.cpp:102 VibrateController: index= 1a\d\f= (0.25,0,0), this= 0x191f968e340
[2024-04-27 23:35:34.859] [pxr_streamer] [debug] [7988|40844]streaming_driver_interface_impl.cpp:102 VibrateController: index= 1a\d\f= (0.25,0,0), this= 0x191f968e340
[2024-04-27 23:35:35.689] [pxr_streamer] [debug] [7988|40844]streaming_driver_interface_impl.cpp:102 VibrateController: index= 1a\d\f= (0.25,0,0), this= 0x191f968e340
[2024-04-27 23:35:36.057] [pxr_streamer] [debug] [7988|40844]streaming_driver_interface_impl.cpp:102 VibrateController: index= 1a\d\f= (0.25,0,0), this= 0x191f968e340
[2024-04-27 23:35:36.110] [pxr_streamer] [debug] [7988|40844]streaming_driver_interface_impl.cpp:102 VibrateController: index= 1a\d\f= (0.25,0,0), this= 0x191f968e340
[2024-04-27 23:35:36.998] [pxr_streamer] [debug] [7988|40844]streaming_driver_interface_impl.cpp:102 VibrateController: index= 1a\d\f= (0.5,0,0), this= 0x191f968e340
[2024-04-27 23:35:37.016] [pxr_streamer] [debug] [7988|40844]streaming_driver_interface_impl.cpp:102 VibrateController: index= 1a\d\f= (0.25,0,0), this= 0x191f968e340
[2024-04-27 23:35:40.045] [pxr_streamer] [debug] [7988|40844]streaming_driver_interface_impl.cpp:102 VibrateController: index= 1a\d\f= (0.5,0,0), this= 0x191f968e340
[2024-04-27 23:35:40.048] [pxr_streamer] [debug] [7988|40844]streaming_driver_interface_impl.cpp:102 VibrateController: index= 1a\d\f= (0.25,0,0), this= 0x191f968e340
[2024-04-27 23:35:40.435] [pxr_streamer] [debug] [7988|40844]streaming_driver_interface_impl.cpp:102 VibrateController: index= 1a\d\f= (0.25,0,0), this= 0x191f968e340
[2024-04-27 23:35:40.442] [pxr_streamer] [debug] [7988|40844]streaming_driver_interface_impl.cpp:102 VibrateController: index= 1a\d\f= (0.25,0,0), this= 0x191f968e340
[2024-04-27 23:35:40.450] [pxr_streamer] [debug] [7988|40844]streaming_driver_interface_impl.cpp:102 VibrateController: index= 1a\d\f= (0.25,0,0), this= 0x191f968e340
[2024-04-27 23:35:40.469] [pxr_streamer] [debug] [7988|40844]streaming_driver_interface_impl.cpp:102 VibrateController: index= 1a\d\f= (0.25,0,0), this= 0x191f968e340
[2024-04-27 23:35:40.488] [pxr_streamer] [debug] [7988|40844]streaming_driver_interface_impl.cpp:102 VibrateController: index= 1a\d\f= (0.25,0,0), this= 0x191f968e340
[2024-04-27 23:35:40.653] [pxr_streamer] [debug] [7988|40844]streaming_driver_interface_impl.cpp:102 VibrateController: index= 1a\d\f= (0.25,0,0), this= 0x191f968e340
[2024-04-27 23:35:40.689] [pxr_streamer] [debug] [7988|40844]streaming_driver_interface_impl.cpp:102 VibrateController: index= 1a\d\f= (0.25,0,0), this= 0x191f968e340
[2024-04-27 23:35:41.506] [pxr_streamer] [debug] [7988|40844]streaming_driver_interface_impl.cpp:102 VibrateController: index= 1a\d\f= (0.25,0,0), this= 0x191f968e340
[2024-04-27 23:35:42.853] [pxr_streamer] [debug] [7988|40844]streaming_driver_interface_impl.cpp:102 VibrateController: index= 1a\d\f= (0.25,0,0), this= 0x191f968e340
[2024-04-27 23:35:43.678] [pxr_streamer] [debug] [7988|40844]streaming_driver_interface_impl.cpp:102 VibrateController: index= 1a\d\f= (0.25,0,0), this= 0x191f968e340
[2024-04-27 23:35:43.799] [pxr_streamer] [warning] [7988|43100]transport_data_receiver.cpp:89 ProcessReceivedData: recv multi-packet,count = 2, this= 0x192fd67edc0
[2024-04-27 23:35:45.851] [pxr_streamer] [debug] [7988|40844]streaming_driver_interface_impl.cpp:102 VibrateController: index= 1a\d\f= (0.25,0,0), this= 0x191f968e340
[2024-04-27 23:35:46.650] [pxr_streamer] [debug] [7988|40844]streaming_driver_interface_impl.cpp:102 VibrateController: index= 1a\d\f= (0.25,0,0), this= 0x191f968e340
[2024-04-27 23:35:49.451] [pxr_streamer] [debug] [7988|40844]streaming_driver_interface_impl.cpp:102 VibrateController: index= 0a\d\f= (0.25,0,0), this= 0x191f968e340
[2024-04-27 23:35:49.500] [pxr_streamer] [debug] [7988|40844]streaming_driver_interface_impl.cpp:102 VibrateController: index= 0a\d\f= (0.25,0,0), this= 0x191f968e340
[2024-04-27 23:35:49.885] [pxr_streamer] [debug] [7988|40844]streaming_driver_interface_impl.cpp:102 VibrateController: index= 0a\d\f= (0.25,0,0), this= 0x191f968e340
[2024-04-27 23:35:49.906] [pxr_streamer] [debug] [7988|40844]streaming_driver_interface_impl.cpp:102 VibrateController: index= 0a\d\f= (0.25,0,0), this= 0x191f968e340
[2024-04-27 23:35:50.889] [pxr_streamer] [debug] [7988|40844]streaming_driver_interface_impl.cpp:102 VibrateController: index= 1a\d\f= (0.25,0,0), this= 0x191f968e340
[2024-04-27 23:35:51.506] [pxr_streamer] [debug] [7988|40844]streaming_driver_interface_impl.cpp:102 VibrateController: index= 1a\d\f= (0.5,0,0), this= 0x191f968e340
[2024-04-27 23:35:51.626] [pxr_streamer] [debug] [7988|40844]streaming_driver_interface_impl.cpp:102 VibrateController: index= 1a\d\f= (0.5,0,0), this= 0x191f968e340
[2024-04-27 23:36:02.840] [pxr_streamer] [debug] [7988|40844]streaming_driver_interface_impl.cpp:102 VibrateController: index= 0a\d\f= (0.25,0,0), this= 0x191f968e340
[2024-04-27 23:36:02.960] [pxr_streamer] [debug] [7988|40844]streaming_driver_interface_impl.cpp:102 VibrateController: index= 0a\d\f= (0.25,0,0), this= 0x191f968e340
[2024-04-27 23:36:06.736] [pxr_streamer] [debug] [7988|40844]streaming_driver_interface_impl.cpp:102 VibrateController: index= 0a\d\f= (0.25,0,0), this= 0x191f968e340
[2024-04-27 23:36:07.066] [pxr_streamer] [debug] [7988|40844]streaming_driver_interface_impl.cpp:102 VibrateController: index= 0a\d\f= (0.25,0,0), this= 0x191f968e340
[2024-04-27 23:36:09.390] [pxr_streamer] [debug] [7988|40844]streaming_driver_interface_impl.cpp:102 VibrateController: index= 0a\d\f= (0.5,0,0), this= 0x191f968e340
[2024-04-27 23:36:09.544] [pxr_streamer] [debug] [7988|40844]streaming_driver_interface_impl.cpp:102 VibrateController: index= 0a\d\f= (0.5,0,0), this= 0x191f968e340
[2024-04-27 23:36:12.310] [pxr_streamer] [debug] [7988|40844]streaming_driver_interface_impl.cpp:102 VibrateController: index= 0a\d\f= (0.25,0,0), this= 0x191f968e340
[2024-04-27 23:36:12.313] [pxr_streamer] [debug] [7988|40844]streaming_driver_interface_impl.cpp:102 VibrateController: index= 0a\d\f= (0.25,0,0), this= 0x191f968e340
[2024-04-27 23:36:13.232] [pxr_streamer] [debug] [7988|40844]streaming_driver_interface_impl.cpp:102 VibrateController: index= 0a\d\f= (0.25,0,0), this= 0x191f968e340
[2024-04-27 23:36:13.264] [pxr_streamer] [debug] [7988|40844]streaming_driver_interface_impl.cpp:102 VibrateController: index= 0a\d\f= (0.25,0,0), this= 0x191f968e340
[2024-04-27 23:36:13.509] [pxr_streamer] [debug] [7988|40844]streaming_driver_interface_impl.cpp:102 VibrateController: index= 0a\d\f= (0.25,0,0), this= 0x191f968e340
[2024-04-27 23:36:13.529] [pxr_streamer] [debug] [7988|40844]streaming_driver_interface_impl.cpp:102 VibrateController: index= 0a\d\f= (0.25,0,0), this= 0x191f968e340
[2024-04-27 23:36:14.332] [pxr_streamer] [debug] [7988|40844]streaming_driver_interface_impl.cpp:102 VibrateController: index= 0a\d\f= (0.25,0,0), this= 0x191f968e340
[2024-04-27 23:36:14.559] [pxr_streamer] [debug] [7988|40844]streaming_driver_interface_impl.cpp:102 VibrateController: index= 0a\d\f= (0.25,0,0), this= 0x191f968e340
[2024-04-27 23:36:15.273] [pxr_streamer] [debug] [7988|40844]streaming_driver_interface_impl.cpp:102 VibrateController: index= 0a\d\f= (0.25,0,0), this= 0x191f968e340
[2024-04-27 23:36:15.546] [pxr_streamer] [debug] [7988|40844]streaming_driver_interface_impl.cpp:102 VibrateController: index= 0a\d\f= (0.25,0,0), this= 0x191f968e340
[2024-04-27 23:36:15.576] [pxr_streamer] [debug] [7988|40844]streaming_driver_interface_impl.cpp:102 VibrateController: index= 0a\d\f= (0.25,0,0), this= 0x191f968e340
[2024-04-27 23:36:15.621] [pxr_streamer] [debug] [7988|40844]streaming_driver_interface_impl.cpp:102 VibrateController: index= 0a\d\f= (0.25,0,0), this= 0x191f968e340
[2024-04-27 23:36:19.651] [pxr_streamer] [debug] [7988|40844]streaming_driver_interface_impl.cpp:102 VibrateController: index= 0a\d\f= (0.25,0,0), this= 0x191f968e340
[2024-04-27 23:36:20.110] [pxr_streamer] [debug] [7988|40844]streaming_driver_interface_impl.cpp:102 VibrateController: index= 0a\d\f= (0.5,0,0), this= 0x191f968e340
[2024-04-27 23:36:20.113] [pxr_streamer] [debug] [7988|40844]streaming_driver_interface_impl.cpp:102 VibrateController: index= 0a\d\f= (0.25,0,0), this= 0x191f968e340
[2024-04-27 23:36:22.743] [pxr_streamer] [debug] [7988|40844]streaming_driver_interface_impl.cpp:102 VibrateController: index= 0a\d\f= (0.5,0,0), this= 0x191f968e340
[2024-04-27 23:36:22.745] [pxr_streamer] [debug] [7988|40844]streaming_driver_interface_impl.cpp:102 VibrateController: index= 0a\d\f= (0.25,0,0), this= 0x191f968e340
[2024-04-27 23:36:28.550] [pxr_streamer] [debug] [7988|40844]streaming_driver_interface_impl.cpp:102 VibrateController: index= 0a\d\f= (0.25,0,0), this= 0x191f968e340
[2024-04-27 23:36:29.666] [pxr_streamer] [debug] [7988|40844]streaming_driver_interface_impl.cpp:102 VibrateController: index= 0a\d\f= (0.25,0,0), this= 0x191f968e340
[2024-04-27 23:36:32.793] [pxr_streamer] [debug] [7988|40844]streaming_driver_interface_impl.cpp:102 VibrateController: index= 0a\d\f= (0.5,0,0), this= 0x191f968e340
[2024-04-27 23:36:33.016] [pxr_streamer] [debug] [7988|40844]streaming_driver_interface_impl.cpp:102 VibrateController: index= 0a\d\f= (0.5,0,0), this= 0x191f968e340
[2024-04-27 23:36:33.017] [pxr_streamer] [debug] [7988|40844]streaming_driver_interface_impl.cpp:102 VibrateController: index= 0a\d\f= (0.25,0,0), this= 0x191f968e340
[2024-04-27 23:36:33.560] [pxr_streamer] [debug] [7988|40844]streaming_driver_interface_impl.cpp:102 VibrateController: index= 0a\d\f= (0.5,0,0), this= 0x191f968e340
[2024-04-27 23:36:33.564] [pxr_streamer] [debug] [7988|40844]streaming_driver_interface_impl.cpp:102 VibrateController: index= 0a\d\f= (0.25,0,0), this= 0x191f968e340
[2024-04-27 23:36:33.783] [pxr_streamer] [debug] [7988|40844]streaming_driver_interface_impl.cpp:102 VibrateController: index= 0a\d\f= (0.5,0,0), this= 0x191f968e340
[2024-04-27 23:36:33.783] [pxr_streamer] [debug] [7988|40844]streaming_driver_interface_impl.cpp:102 VibrateController: index= 0a\d\f= (0.25,0,0), this= 0x191f968e340
[2024-04-27 23:36:33.981] [pxr_streamer] [debug] [7988|40844]streaming_driver_interface_impl.cpp:102 VibrateController: index= 0a\d\f= (0.25,0,0), this= 0x191f968e340
[2024-04-27 23:36:33.984] [pxr_streamer] [debug] [7988|40844]streaming_driver_interface_impl.cpp:102 VibrateController: index= 0a\d\f= (0.25,0,0), this= 0x191f968e340
[2024-04-27 23:36:34.003] [pxr_streamer] [debug] [7988|40844]streaming_driver_interface_impl.cpp:102 VibrateController: index= 0a\d\f= (0.25,0,0), this= 0x191f968e340
[2024-04-27 23:36:34.006] [pxr_streamer] [debug] [7988|40844]streaming_driver_interface_impl.cpp:102 VibrateController: index= 0a\d\f= (0.5,0,0), this= 0x191f968e340
[2024-04-27 23:36:34.505] [pxr_streamer] [debug] [7988|40844]streaming_driver_interface_impl.cpp:102 VibrateController: index= 0a\d\f= (0.5,0,0), this= 0x191f968e340
[2024-04-27 23:36:37.366] [pxr_streamer] [debug] [7988|40844]streaming_driver_interface_impl.cpp:102 VibrateController: index= 0a\d\f= (0.25,0,0), this= 0x191f968e340
[2024-04-27 23:36:37.393] [pxr_streamer] [debug] [7988|40844]streaming_driver_interface_impl.cpp:102 VibrateController: index= 0a\d\f= (0.25,0,0), this= 0x191f968e340
[2024-04-27 23:36:37.508] [pxr_streamer] [debug] [7988|40844]streaming_driver_interface_impl.cpp:102 VibrateController: index= 0a\d\f= (0.25,0,0), this= 0x191f968e340
[2024-04-27 23:36:37.639] [pxr_streamer] [debug] [7988|40844]streaming_driver_interface_impl.cpp:102 VibrateController: index= 0a\d\f= (0.25,0,0), this= 0x191f968e340
[2024-04-27 23:36:37.947] [pxr_streamer] [debug] [7988|40844]streaming_driver_interface_impl.cpp:102 VibrateController: index= 0a\d\f= (0.25,0,0), this= 0x191f968e340
[2024-04-27 23:36:37.947] [pxr_streamer] [debug] [7988|40844]streaming_driver_interface_impl.cpp:102 VibrateController: index= 0a\d\f= (0.25,0,0), this= 0x191f968e340
[2024-04-27 23:36:38.208] [pxr_streamer] [debug] [7988|40844]streaming_driver_interface_impl.cpp:102 VibrateController: index= 1a\d\f= (0.25,0,0), this= 0x191f968e340
[2024-04-27 23:36:38.208] [pxr_streamer] [debug] [7988|40844]streaming_driver_interface_impl.cpp:102 VibrateController: index= 1a\d\f= (0.25,0,0), this= 0x191f968e340
[2024-04-27 23:36:42.207] [pxr_streamer] [info] [7988|40844]streaming_driver_interface_impl.cpp:78 StopStreaming: stop streaming, this= 0x191f968e340
[2024-04-27 23:36:42.207] [pxr_streamer] [info] [7988|18776]driver_impl.cpp:230 StopStreaming: send stop streaming request : { id = pT4T8yeb, timestamp = 728018515, from = Driver, to = SRS }, this= 0x191f3217060
[2024-04-27 23:36:42.207] [pxr_streamer] [info] [7988|40844]streaming_driver_interface_impl.cpp:53 DisconnectFromService: disconnect from service, this= 0x191f968e340
[2024-04-27 23:36:42.208] [pxr_streamer] [debug] [7988|18776]streaming_driver_interface_impl.cpp:374 InvokeDisconnectFromService: disconnect from service, this= 0x191f968e340
[2024-04-27 23:36:42.208] [pxr_streamer] [info] [7988|18776]driver_impl.cpp:81 Disconnect: send disconnect request : { id = GftlcQGw, timestamp = 728018516, from = Driver, to = SRS }, this= 0x191f3217060
[2024-04-27 23:36:42.208] [pxr_streamer] [debug] [7988|18776]transport_client_tcp2.cpp:73 Stop: called, this= 0x192fd67ec20
[2024-04-27 23:36:42.208] [pxr_streamer] [error] [7988|43100]transport_client_tcp2.cpp:116 operator (): recv error= 1236, msg= 由本地系统中止网络连接。, this= 0x192fd67ec20
[2024-04-27 23:36:42.208] [pxr_streamer] [error] [7988|43100]transport_client_tcp2.cpp:129 HandleReceiveData: has been disconnected, this= 0x192fd67ec20
[2024-04-27 23:36:42.208] [pxr_streamer] [error] [7988|43100]transport_client_tcp2.cpp:105 StartAyncRecv: has been disconnected, this= 0x192fd67ec20
